<?xml version="1.0" encoding="UTF-8"?>
<!-- Generated by org.testng.reporters.JUnitReportReporter -->
<testsuite ignored="0" hostname="DESKTOP-VT9L6NG" failures="0" tests="1" name="prueba.pruebaTest" time="6.554" errors="0" timestamp="20 ene 2024 17:16:38 GMT" skipped="0">
  <testcase classname="prueba.pruebaTest" name="f" time="6.554"/>
</testsuite> <!-- prueba.pruebaTest -->
